This is pdfTeX, Version 3.14159265-2.6-1.40.18 (TeX Live 2017) (preloaded format=pdflatex 2017.5.23)  28 MAY 2018 13:08
entering extended mode
 restricted \write18 enabled.
 %&-line parsing enabled.
**islpBolivia_vf.tex
(./islpBolivia_vf.tex
LaTeX2e <2017-04-15>
Babel <3.10> and hyphenation patterns for 84 language(s) loaded.
(/usr/local/texlive/2017/texmf-dist/tex/latex/base/article.cls
Document Class: article 2014/09/29 v1.4h Standard LaTeX document class
(/usr/local/texlive/2017/texmf-dist/tex/latex/base/size12.clo
File: size12.clo 2014/09/29 v1.4h Standard LaTeX file (size option)
)
\c@part=\count79
\c@section=\count80
\c@subsection=\count81
\c@subsubsection=\count82
\c@paragraph=\count83
\c@subparagraph=\count84
\c@figure=\count85
\c@table=\count86
\abovecaptionskip=\skip41
\belowcaptionskip=\skip42
\bibindent=\dimen102
)
(/usr/local/texlive/2017/texmf-dist/tex/generic/babel/babel.sty
Package: babel 2017/05/19 3.10 The Babel package

(/usr/local/texlive/2017/texmf-dist/tex/generic/babel-spanish/spanish.ldf
Language: spanish.ldf 2016/03/03 v5.0p Spanish support from the babel system

(/usr/local/texlive/2017/texmf-dist/tex/generic/babel/babel.def
File: babel.def 2017/05/19 3.10 Babel common definitions
\babel@savecnt=\count87
\U@D=\dimen103
)
\es@quottoks=\toks14
\es@quotdepth=\count88
Package babel Info: Making " an active character on input line 561.
Package babel Info: Making . an active character on input line 662.
Package babel Info: Making < an active character on input line 707.
Package babel Info: Making > an active character on input line 707.
))
(/usr/local/texlive/2017/texmf-dist/tex/latex/base/inputenc.sty
Package: inputenc 2015/03/17 v1.2c Input encoding file
\inpenc@prehook=\toks15
\inpenc@posthook=\toks16

(/usr/local/texlive/2017/texmf-dist/tex/latex/base/latin1.def
File: latin1.def 2015/03/17 v1.2c Input encoding file
))
(/usr/local/texlive/2017/texmf-dist/tex/latex/base/fontenc.sty
Package: fontenc 2017/04/05 v2.0i Standard LaTeX package

(/usr/local/texlive/2017/texmf-dist/tex/latex/base/t1enc.def
File: t1enc.def 2017/04/05 v2.0i Standard LaTeX file
LaTeX Font Info:    Redeclaring font encoding T1 on input line 48.
))
(/usr/local/texlive/2017/texmf-dist/tex/latex/hyperref/hyperref.sty
Package: hyperref 2017/03/14 v6.85a Hypertext links for LaTeX

(/usr/local/texlive/2017/texmf-dist/tex/generic/oberdiek/hobsub-hyperref.sty
Package: hobsub-hyperref 2016/05/16 v1.14 Bundle oberdiek, subset hyperref (HO)


(/usr/local/texlive/2017/texmf-dist/tex/generic/oberdiek/hobsub-generic.sty
Package: hobsub-generic 2016/05/16 v1.14 Bundle oberdiek, subset generic (HO)
Package: hobsub 2016/05/16 v1.14 Construct package bundles (HO)
Package: infwarerr 2016/05/16 v1.4 Providing info/warning/error messages (HO)
Package: ltxcmds 2016/05/16 v1.23 LaTeX kernel commands for general use (HO)
Package: ifluatex 2016/05/16 v1.4 Provides the ifluatex switch (HO)
Package ifluatex Info: LuaTeX not detected.
Package: ifvtex 2016/05/16 v1.6 Detect VTeX and its facilities (HO)
Package ifvtex Info: VTeX not detected.
Package: intcalc 2016/05/16 v1.2 Expandable calculations with integers (HO)
Package: ifpdf 2017/03/15 v3.2 Provides the ifpdf switch
Package: etexcmds 2016/05/16 v1.6 Avoid name clashes with e-TeX commands (HO)
Package etexcmds Info: Could not find \expanded.
(etexcmds)             That can mean that you are not using pdfTeX 1.50 or
(etexcmds)             that some package has redefined \expanded.
(etexcmds)             In the latter case, load this package earlier.
Package: kvsetkeys 2016/05/16 v1.17 Key value parser (HO)
Package: kvdefinekeys 2016/05/16 v1.4 Define keys (HO)
Package: pdftexcmds 2017/03/19 v0.25 Utility functions of pdfTeX for LuaTeX (HO
)
Package pdftexcmds Info: LuaTeX not detected.
Package pdftexcmds Info: \pdf@primitive is available.
Package pdftexcmds Info: \pdf@ifprimitive is available.
Package pdftexcmds Info: \pdfdraftmode found.
Package: pdfescape 2016/05/16 v1.14 Implements pdfTeX's escape features (HO)
Package: bigintcalc 2016/05/16 v1.4 Expandable calculations on big integers (HO
)
Package: bitset 2016/05/16 v1.2 Handle bit-vector datatype (HO)
Package: uniquecounter 2016/05/16 v1.3 Provide unlimited unique counter (HO)
)
Package hobsub Info: Skipping package `hobsub' (already loaded).
Package: letltxmacro 2016/05/16 v1.5 Let assignment for LaTeX macros (HO)
Package: hopatch 2016/05/16 v1.3 Wrapper for package hooks (HO)
Package: xcolor-patch 2016/05/16 xcolor patch
Package: atveryend 2016/05/16 v1.9 Hooks at the very end of document (HO)
Package atveryend Info: \enddocument detected (standard20110627).
Package: atbegshi 2016/06/09 v1.18 At begin shipout hook (HO)
Package: refcount 2016/05/16 v3.5 Data extraction from label references (HO)
Package: hycolor 2016/05/16 v1.8 Color options for hyperref/bookmark (HO)
)
(/usr/local/texlive/2017/texmf-dist/tex/latex/graphics/keyval.sty
Package: keyval 2014/10/28 v1.15 key=value parser (DPC)
\KV@toks@=\toks17
)
(/usr/local/texlive/2017/texmf-dist/tex/generic/ifxetex/ifxetex.sty
Package: ifxetex 2010/09/12 v0.6 Provides ifxetex conditional
)
(/usr/local/texlive/2017/texmf-dist/tex/latex/oberdiek/auxhook.sty
Package: auxhook 2016/05/16 v1.4 Hooks for auxiliary files (HO)
)
(/usr/local/texlive/2017/texmf-dist/tex/latex/oberdiek/kvoptions.sty
Package: kvoptions 2016/05/16 v3.12 Key value format for package options (HO)
)
\@linkdim=\dimen104
\Hy@linkcounter=\count89
\Hy@pagecounter=\count90

(/usr/local/texlive/2017/texmf-dist/tex/latex/hyperref/pd1enc.def
File: pd1enc.def 2017/03/14 v6.85a Hyperref: PDFDocEncoding definition (HO)
)
\Hy@SavedSpaceFactor=\count91

(/usr/local/texlive/2017/texmf-dist/tex/latex/latexconfig/hyperref.cfg
File: hyperref.cfg 2002/06/06 v1.2 hyperref configuration of TeXLive
)
Package hyperref Info: Option `colorlinks' set `false' on input line 4374.
Package hyperref Info: Hyper figures OFF on input line 4498.
Package hyperref Info: Link nesting OFF on input line 4503.
Package hyperref Info: Hyper index ON on input line 4506.
Package hyperref Info: Plain pages OFF on input line 4513.
Package hyperref Info: Backreferencing OFF on input line 4518.
Package hyperref Info: Implicit mode ON; LaTeX internals redefined.
Package hyperref Info: Bookmarks ON on input line 4751.
\c@Hy@tempcnt=\count92

(/usr/local/texlive/2017/texmf-dist/tex/latex/url/url.sty
\Urlmuskip=\muskip10
Package: url 2013/09/16  ver 3.4  Verb mode for urls, etc.
)
LaTeX Info: Redefining \url on input line 5104.
\XeTeXLinkMargin=\dimen105
\Fld@menulength=\count93
\Field@Width=\dimen106
\Fld@charsize=\dimen107
Package hyperref Info: Hyper figures OFF on input line 6358.
Package hyperref Info: Link nesting OFF on input line 6363.
Package hyperref Info: Hyper index ON on input line 6366.
Package hyperref Info: backreferencing OFF on input line 6373.
Package hyperref Info: Link coloring OFF on input line 6378.
Package hyperref Info: Link coloring with OCG OFF on input line 6383.
Package hyperref Info: PDF/A mode OFF on input line 6388.
LaTeX Info: Redefining \ref on input line 6428.
LaTeX Info: Redefining \pageref on input line 6432.
\Hy@abspage=\count94
\c@Item=\count95
\c@Hfootnote=\count96
)

Package hyperref Message: Driver (autodetected): hpdftex.

(/usr/local/texlive/2017/texmf-dist/tex/latex/hyperref/hpdftex.def
File: hpdftex.def 2017/03/14 v6.85a Hyperref driver for pdfTeX
\Fld@listcount=\count97
\c@bookmark@seq@number=\count98

(/usr/local/texlive/2017/texmf-dist/tex/latex/oberdiek/rerunfilecheck.sty
Package: rerunfilecheck 2016/05/16 v1.8 Rerun checks for auxiliary files (HO)
Package uniquecounter Info: New unique counter `rerunfilecheck' on input line 2
82.
)
\Hy@SectionHShift=\skip43
)
(/usr/local/texlive/2017/texmf-dist/tex/latex/graphics/graphicx.sty
Package: graphicx 2014/10/28 v1.0g Enhanced LaTeX Graphics (DPC,SPQR)

(/usr/local/texlive/2017/texmf-dist/tex/latex/graphics/graphics.sty
Package: graphics 2017/04/14 v1.1b Standard LaTeX Graphics (DPC,SPQR)

(/usr/local/texlive/2017/texmf-dist/tex/latex/graphics/trig.sty
Package: trig 2016/01/03 v1.10 sin cos tan (DPC)
)
(/usr/local/texlive/2017/texmf-dist/tex/latex/graphics-cfg/graphics.cfg
File: graphics.cfg 2016/06/04 v1.11 sample graphics configuration
)
Package graphics Info: Driver file: pdftex.def on input line 99.

(/usr/local/texlive/2017/texmf-dist/tex/latex/graphics-def/pdftex.def
File: pdftex.def 2017/01/12 v0.06k Graphics/color for pdfTeX
\Gread@gobject=\count99
))
\Gin@req@height=\dimen108
\Gin@req@width=\dimen109
)
(/usr/local/texlive/2017/texmf-dist/tex/latex/oberdiek/pdflscape.sty
Package: pdflscape 2016/05/14 v0.11 Display of landscape pages in PDF (HO)

(/usr/local/texlive/2017/texmf-dist/tex/latex/graphics/lscape.sty
Package: lscape 2000/10/22 v3.01 Landscape Pages (DPC)
)
Package pdflscape Info: Auto-detected driver: pdftex on input line 81.
)
(/usr/local/texlive/2017/texmf-dist/tex/latex/tools/longtable.sty
Package: longtable 2014/10/28 v4.11 Multi-page Table package (DPC)
\LTleft=\skip44
\LTright=\skip45
\LTpre=\skip46
\LTpost=\skip47
\LTchunksize=\count100
\LTcapwidth=\dimen110
\LT@head=\box26
\LT@firsthead=\box27
\LT@foot=\box28
\LT@lastfoot=\box29
\LT@cols=\count101
\LT@rows=\count102
\c@LT@tables=\count103
\c@LT@chunks=\count104
\LT@p@ftn=\toks18
)
(/usr/local/texlive/2017/texmf-dist/tex/latex/mathtools/mathtools.sty
Package: mathtools 2015/11/12 v1.18 mathematical typesetting tools

(/usr/local/texlive/2017/texmf-dist/tex/latex/tools/calc.sty
Package: calc 2014/10/28 v4.3 Infix arithmetic (KKT,FJ)
\calc@Acount=\count105
\calc@Bcount=\count106
\calc@Adimen=\dimen111
\calc@Bdimen=\dimen112
\calc@Askip=\skip48
\calc@Bskip=\skip49
LaTeX Info: Redefining \setlength on input line 80.
LaTeX Info: Redefining \addtolength on input line 81.
\calc@Ccount=\count107
\calc@Cskip=\skip50
)
(/usr/local/texlive/2017/texmf-dist/tex/latex/mathtools/mhsetup.sty
Package: mhsetup 2010/01/21 v1.2a programming setup (MH)
)
(/usr/local/texlive/2017/texmf-dist/tex/latex/amsmath/amsmath.sty
Package: amsmath 2016/11/05 v2.16a AMS math features
\@mathmargin=\skip51

For additional information on amsmath, use the `?' option.
(/usr/local/texlive/2017/texmf-dist/tex/latex/amsmath/amstext.sty
Package: amstext 2000/06/29 v2.01 AMS text

(/usr/local/texlive/2017/texmf-dist/tex/latex/amsmath/amsgen.sty
File: amsgen.sty 1999/11/30 v2.0 generic functions
\@emptytoks=\toks19
\ex@=\dimen113
))
(/usr/local/texlive/2017/texmf-dist/tex/latex/amsmath/amsbsy.sty
Package: amsbsy 1999/11/29 v1.2d Bold Symbols
\pmbraise@=\dimen114
)
(/usr/local/texlive/2017/texmf-dist/tex/latex/amsmath/amsopn.sty
Package: amsopn 2016/03/08 v2.02 operator names
)
\inf@bad=\count108
LaTeX Info: Redefining \frac on input line 213.
\uproot@=\count109
\leftroot@=\count110
LaTeX Info: Redefining \overline on input line 375.
\classnum@=\count111
\DOTSCASE@=\count112
LaTeX Info: Redefining \ldots on input line 472.
LaTeX Info: Redefining \dots on input line 475.
LaTeX Info: Redefining \cdots on input line 596.
\Mathstrutbox@=\box30
\strutbox@=\box31
\big@size=\dimen115
LaTeX Font Info:    Redeclaring font encoding OML on input line 712.
LaTeX Font Info:    Redeclaring font encoding OMS on input line 713.
\macc@depth=\count113
\c@MaxMatrixCols=\count114
\dotsspace@=\muskip11
\c@parentequation=\count115
\dspbrk@lvl=\count116
\tag@help=\toks20
\row@=\count117
\column@=\count118
\maxfields@=\count119
\andhelp@=\toks21
\eqnshift@=\dimen116
\alignsep@=\dimen117
\tagshift@=\dimen118
\tagwidth@=\dimen119
\totwidth@=\dimen120
\lineht@=\dimen121
\@envbody=\toks22
\multlinegap=\skip52
\multlinetaggap=\skip53
\mathdisplay@stack=\toks23
LaTeX Info: Redefining \[ on input line 2817.
LaTeX Info: Redefining \] on input line 2818.
)
LaTeX Info: Thecontrolsequence`\('isalreadyrobust on input line 129.
LaTeX Info: Thecontrolsequence`\)'isalreadyrobust on input line 129.
LaTeX Info: Thecontrolsequence`\['isalreadyrobust on input line 129.
LaTeX Info: Thecontrolsequence`\]'isalreadyrobust on input line 129.
\g_MT_multlinerow_int=\count120
\l_MT_multwidth_dim=\dimen122
\origjot=\skip54
\l_MT_shortvdotswithinadjustabove_dim=\dimen123
\l_MT_shortvdotswithinadjustbelow_dim=\dimen124
\l_MT_above_intertext_sep=\dimen125
\l_MT_below_intertext_sep=\dimen126
\l_MT_above_shortintertext_sep=\dimen127
\l_MT_below_shortintertext_sep=\dimen128
)
(/usr/local/texlive/2017/texmf-dist/tex/latex/subfigure/subfigure.sty
Package: subfigure 2002/03/15 v2.1.5 subfigure package
\subfigtopskip=\skip55
\subfigcapskip=\skip56
\subfigcaptopadj=\dimen129
\subfigbottomskip=\skip57
\subfigcapmargin=\dimen130
\subfiglabelskip=\skip58
\c@subfigure=\count121
\c@lofdepth=\count122
\c@subtable=\count123
\c@lotdepth=\count124

****************************************
* Local config file subfigure.cfg used *
****************************************
(/usr/local/texlive/2017/texmf-dist/tex/latex/subfigure/subfigure.cfg)
\subfig@top=\skip59
\subfig@bottom=\skip60
)
(/usr/local/texlive/2017/texmf-dist/tex/latex/xcolor/xcolor.sty
Package: xcolor 2016/05/11 v2.12 LaTeX color extensions (UK)

(/usr/local/texlive/2017/texmf-dist/tex/latex/graphics-cfg/color.cfg
File: color.cfg 2016/01/02 v1.6 sample color configuration
)
Package xcolor Info: Driver file: pdftex.def on input line 225.

(/usr/local/texlive/2017/texmf-dist/tex/latex/colortbl/colortbl.sty
Package: colortbl 2012/02/13 v1.0a Color table columns (DPC)

(/usr/local/texlive/2017/texmf-dist/tex/latex/tools/array.sty
Package: array 2016/10/06 v2.4d Tabular extension package (FMi)
\col@sep=\dimen131
\extrarowheight=\dimen132
\NC@list=\toks24
\extratabsurround=\skip61
\backup@length=\skip62
)
\everycr=\toks25
\minrowclearance=\skip63
)
\rownum=\count125
Package xcolor Info: Model `cmy' substituted by `cmy0' on input line 1348.
Package xcolor Info: Model `hsb' substituted by `rgb' on input line 1352.
Package xcolor Info: Model `RGB' extended on input line 1364.
Package xcolor Info: Model `HTML' substituted by `rgb' on input line 1366.
Package xcolor Info: Model `Hsb' substituted by `hsb' on input line 1367.
Package xcolor Info: Model `tHsb' substituted by `hsb' on input line 1368.
Package xcolor Info: Model `HSB' substituted by `hsb' on input line 1369.
Package xcolor Info: Model `Gray' substituted by `gray' on input line 1370.
Package xcolor Info: Model `wave' substituted by `hsb' on input line 1371.
)
(/usr/local/texlive/2017/texmf-dist/tex/latex/pdfpages/pdfpages.sty
Package: pdfpages 2017/01/14 v0.5h Insert pages of external PDF documents (AM)

(/usr/local/texlive/2017/texmf-dist/tex/latex/base/ifthen.sty
Package: ifthen 2014/09/29 v1.1c Standard LaTeX ifthen package (DPC)
)
(/usr/local/texlive/2017/texmf-dist/tex/latex/eso-pic/eso-pic.sty
Package: eso-pic 2015/07/21 v2.0g eso-pic (RN)
)
\AM@pagewidth=\dimen133
\AM@pageheight=\dimen134

(/usr/local/texlive/2017/texmf-dist/tex/latex/pdfpages/pppdftex.def
File: pppdftex.def 2017/01/14 v0.5h Pdfpages driver for pdfTeX (AM)
)
\AM@pagebox=\box32
\AM@global@opts=\toks26
\AM@toc@title=\toks27
\c@AM@survey=\count126
\AM@templatesizebox=\box33
)
(/usr/local/texlive/2017/texmf-dist/tex/latex/geometry/geometry.sty
Package: geometry 2010/09/12 v5.6 Page Geometry
\Gm@cnth=\count127
\Gm@cntv=\count128
\c@Gm@tempcnt=\count129
\Gm@bindingoffset=\dimen135
\Gm@wd@mp=\dimen136
\Gm@odd@mp=\dimen137
\Gm@even@mp=\dimen138
\Gm@layoutwidth=\dimen139
\Gm@layoutheight=\dimen140
\Gm@layouthoffset=\dimen141
\Gm@layoutvoffset=\dimen142
\Gm@dimlist=\toks28
)
(/usr/local/texlive/2017/texmf-dist/tex/latex/fancyhdr/fancyhdr.sty
Package: fancyhdr 2016/09/06 3.8 Extensive control of page headers and footers
\fancy@headwidth=\skip64
\f@ncyO@elh=\skip65
\f@ncyO@erh=\skip66
\f@ncyO@olh=\skip67
\f@ncyO@orh=\skip68
\f@ncyO@elf=\skip69
\f@ncyO@erf=\skip70
\f@ncyO@olf=\skip71
\f@ncyO@orf=\skip72
)
(./islpBolivia_vf.aux
LaTeX Info: Redefining \. on input line 23.
LaTeX Info: Redefining \% on input line 23.
)
\openout1 = `islpBolivia_vf.aux'.

LaTeX Font Info:    Checking defaults for OML/cmm/m/it on input line 23.
LaTeX Font Info:    ... okay on input line 23.
LaTeX Font Info:    Checking defaults for T1/cmr/m/n on input line 23.
LaTeX Font Info:    ... okay on input line 23.
LaTeX Font Info:    Checking defaults for OT1/cmr/m/n on input line 23.
LaTeX Font Info:    ... okay on input line 23.
LaTeX Font Info:    Checking defaults for OMS/cmsy/m/n on input line 23.
LaTeX Font Info:    ... okay on input line 23.
LaTeX Font Info:    Checking defaults for OMX/cmex/m/n on input line 23.
LaTeX Font Info:    ... okay on input line 23.
LaTeX Font Info:    Checking defaults for U/cmr/m/n on input line 23.
LaTeX Font Info:    ... okay on input line 23.
LaTeX Font Info:    Checking defaults for PD1/pdf/m/n on input line 23.
LaTeX Font Info:    ... okay on input line 23.
LaTeX Info: Redefining \. on input line 23.
LaTeX Info: Redefining \% on input line 23.
\AtBeginShipoutBox=\box34
Package hyperref Info: Link coloring OFF on input line 23.

(/usr/local/texlive/2017/texmf-dist/tex/latex/hyperref/nameref.sty
Package: nameref 2016/05/21 v2.44 Cross-referencing by name of section

(/usr/local/texlive/2017/texmf-dist/tex/generic/oberdiek/gettitlestring.sty
Package: gettitlestring 2016/05/16 v1.5 Cleanup title references (HO)
)
\c@section@level=\count130
)
LaTeX Info: Redefining \ref on input line 23.
LaTeX Info: Redefining \pageref on input line 23.
LaTeX Info: Redefining \nameref on input line 23.

(./islpBolivia_vf.out) (./islpBolivia_vf.out)
\@outlinefile=\write3
\openout3 = `islpBolivia_vf.out'.


(/usr/local/texlive/2017/texmf-dist/tex/context/base/mkii/supp-pdf.mkii
[Loading MPS to PDF converter (version 2006.09.02).]
\scratchcounter=\count131
\scratchdimen=\dimen143
\scratchbox=\box35
\nofMPsegments=\count132
\nofMParguments=\count133
\everyMPshowfont=\toks29
\MPscratchCnt=\count134
\MPscratchDim=\dimen144
\MPnumerator=\count135
\makeMPintoPDFobject=\count136
\everyMPtoPDFconversion=\toks30
) (/usr/local/texlive/2017/texmf-dist/tex/latex/oberdiek/epstopdf-base.sty
Package: epstopdf-base 2016/05/15 v2.6 Base part for package epstopdf

(/usr/local/texlive/2017/texmf-dist/tex/latex/oberdiek/grfext.sty
Package: grfext 2016/05/16 v1.2 Manage graphics extensions (HO)
)
Package epstopdf-base Info: Redefining graphics rule for `.eps' on input line 4
38.
Package grfext Info: Graphics extension search list:
(grfext)             [.png,.pdf,.jpg,.mps,.jpeg,.jbig2,.jb2,.PNG,.PDF,.JPG,.JPE
G,.JBIG2,.JB2,.eps]
(grfext)             \AppendGraphicsExtensions on input line 456.

(/usr/local/texlive/2017/texmf-dist/tex/latex/latexconfig/epstopdf-sys.cfg
File: epstopdf-sys.cfg 2010/07/13 v1.3 Configuration of (r)epstopdf for TeX Liv
e
))
*geometry* driver: auto-detecting
*geometry* detected driver: pdftex
*geometry* verbose mode - [ preamble ] result:
* driver: pdftex
* paper: a4paper
* layout: <same size as paper>
* layoutoffset:(h,v)=(0.0pt,0.0pt)
* modes: 
* h-part:(L,W,R)=(72.26999pt, 452.9679pt, 72.26999pt)
* v-part:(T,H,B)=(72.26999pt, 700.50687pt, 72.26999pt)
* \paperwidth=597.50787pt
* \paperheight=845.04684pt
* \textwidth=452.9679pt
* \textheight=700.50687pt
* \oddsidemargin=0.0pt
* \evensidemargin=0.0pt
* \topmargin=-37.0pt
* \headheight=12.0pt
* \headsep=25.0pt
* \topskip=12.0pt
* \footskip=30.0pt
* \marginparwidth=35.0pt
* \marginparsep=10.0pt
* \columnsep=10.0pt
* \skip\footins=10.8pt plus 4.0pt minus 2.0pt
* \hoffset=0.0pt
* \voffset=0.0pt
* \mag=1000
* \@twocolumnfalse
* \@twosidefalse
* \@mparswitchfalse
* \@reversemarginfalse
* (1in=72.27pt=25.4mm, 1cm=28.453pt)

<cover.pdf, id=76, 597.50829pt x 845.0471pt>
File: cover.pdf Graphic file (type pdf)
 <use cover.pdf>
Package pdftex.def Info: cover.pdf used on input line 24.
(pdftex.def)             Requested size: 597.50682pt x 845.04504pt.
File: cover.pdf Graphic file (type pdf)
 <use cover.pdf>
Package pdftex.def Info: cover.pdf used on input line 24.
(pdftex.def)             Requested size: 597.50682pt x 845.04504pt.

<cover.pdf, id=79, page=1, 597.50829pt x 845.0471pt>
File: cover.pdf Graphic file (type pdf)
 <use cover.pdf, page 1>
Package pdftex.def Info: cover.pdf, page1 used on input line 24.
(pdftex.def)             Requested size: 597.50682pt x 845.04504pt.
File: cover.pdf Graphic file (type pdf)

<use cover.pdf, page 1>
Package pdftex.def Info: cover.pdf, page1 used on input line 24.
(pdftex.def)             Requested size: 597.53416pt x 845.08372pt.
File: cover.pdf Graphic file (type pdf)
 <use cover.pdf, page 1>
Package pdftex.def Info: cover.pdf, page1 used on input line 24.
(pdftex.def)             Requested size: 597.53416pt x 845.08372pt.
File: cover.pdf Graphic file (type pdf)
 <use cover.pdf, page 1>
Package pdftex.def Info: cover.pdf, page1 used on input line 24.
(pdftex.def)             Requested size: 597.53416pt x 845.08372pt.
Package babel Info: Redefining spanish shorthand <<
(babel)             in language  on input line 24.
Package babel Info: Redefining spanish shorthand >>
(babel)             in language  on input line 24.
Package babel Info: Redefining spanish shorthand "=
(babel)             in language  on input line 24.
Package babel Info: Redefining spanish shorthand "~
(babel)             in language  on input line 24.
Package babel Info: Redefining spanish shorthand "!
(babel)             in language  on input line 24.
Package babel Info: Redefining spanish shorthand "?
(babel)             in language  on input line 24.
Package babel Info: Redefining spanish shorthand <<
(babel)             in language  on input line 24.
Package babel Info: Redefining spanish shorthand >>
(babel)             in language  on input line 24.
Package babel Info: Redefining spanish shorthand "=
(babel)             in language  on input line 24.
Package babel Info: Redefining spanish shorthand "~
(babel)             in language  on input line 24.
Package babel Info: Redefining spanish shorthand "!
(babel)             in language  on input line 24.
Package babel Info: Redefining spanish shorthand "?
(babel)             in language  on input line 24.
File: cover.pdf Graphic file (type pdf)

<use cover.pdf, page 1>
Package pdftex.def Info: cover.pdf, page1 used on input line 24.
(pdftex.def)             Requested size: 597.53416pt x 845.08372pt.
 [1

 <./cover.pdf{/usr/local/texlive/2017/texmf-var/fonts/map/pdftex/updmap/pdftex.
map}>]
LaTeX Font Info:    Try loading font information for T1+cmtt on input line 27.

(/usr/local/texlive/2017/texmf-dist/tex/latex/base/t1cmtt.fd
File: t1cmtt.fd 2014/09/29 v2.5h Standard LaTeX font definitions
)
(./islpBolivia_vf.toc
LaTeX Info: Redefining \. on input line 1.
LaTeX Info: Redefining \% on input line 1.
)
\tf@toc=\write4
\openout4 = `islpBolivia_vf.toc'.

Package babel Info: Redefining spanish shorthand <<
(babel)             in language  on input line 29.
Package babel Info: Redefining spanish shorthand >>
(babel)             in language  on input line 29.
Package babel Info: Redefining spanish shorthand "=
(babel)             in language  on input line 29.
Package babel Info: Redefining spanish shorthand "~
(babel)             in language  on input line 29.
Package babel Info: Redefining spanish shorthand "!
(babel)             in language  on input line 29.
Package babel Info: Redefining spanish shorthand "?
(babel)             in language  on input line 29.
Package babel Info: Redefining spanish shorthand <<
(babel)             in language  on input line 29.
Package babel Info: Redefining spanish shorthand >>
(babel)             in language  on input line 29.
Package babel Info: Redefining spanish shorthand "=
(babel)             in language  on input line 29.
Package babel Info: Redefining spanish shorthand "~
(babel)             in language  on input line 29.
Package babel Info: Redefining spanish shorthand "!
(babel)             in language  on input line 29.
Package babel Info: Redefining spanish shorthand "?
(babel)             in language  on input line 29.
 [2]
Package babel Info: Redefining spanish shorthand <<
(babel)             in language  on input line 33.
Package babel Info: Redefining spanish shorthand >>
(babel)             in language  on input line 33.
Package babel Info: Redefining spanish shorthand "=
(babel)             in language  on input line 33.
Package babel Info: Redefining spanish shorthand "~
(babel)             in language  on input line 33.
Package babel Info: Redefining spanish shorthand "!
(babel)             in language  on input line 33.
Package babel Info: Redefining spanish shorthand "?
(babel)             in language  on input line 33.

Underfull \hbox (badness 10000) in paragraph at lines 35--36

 []


Underfull \hbox (badness 10000) in paragraph at lines 37--38

 []


Underfull \hbox (badness 10000) in paragraph at lines 39--40

 []


LaTeX Warning: Command \textdegree invalid in math mode on input line 41.

Package babel Info: Redefining spanish shorthand <<
(babel)             in language  on input line 43.
Package babel Info: Redefining spanish shorthand >>
(babel)             in language  on input line 43.
Package babel Info: Redefining spanish shorthand "=
(babel)             in language  on input line 43.
Package babel Info: Redefining spanish shorthand "~
(babel)             in language  on input line 43.
Package babel Info: Redefining spanish shorthand "!
(babel)             in language  on input line 43.
Package babel Info: Redefining spanish shorthand "?
(babel)             in language  on input line 43.

Underfull \hbox (badness 10000) in paragraph at lines 44--45

 []


Underfull \hbox (badness 10000) in paragraph at lines 46--47

 []


Package Fancyhdr Warning: \headheight is too small (12.0pt): 
 Make it at least 14.49998pt.
 We now make it that large for the rest of the document.
 This may cause the page layout to be inconsistent, however.

Package babel Info: Redefining spanish shorthand <<
(babel)             in language  on input line 49.
Package babel Info: Redefining spanish shorthand >>
(babel)             in language  on input line 49.
Package babel Info: Redefining spanish shorthand "=
(babel)             in language  on input line 49.
Package babel Info: Redefining spanish shorthand "~
(babel)             in language  on input line 49.
Package babel Info: Redefining spanish shorthand "!
(babel)             in language  on input line 49.
Package babel Info: Redefining spanish shorthand "?
(babel)             in language  on input line 49.
Package babel Info: Redefining spanish shorthand <<
(babel)             in language  on input line 49.
Package babel Info: Redefining spanish shorthand >>
(babel)             in language  on input line 49.
Package babel Info: Redefining spanish shorthand "=
(babel)             in language  on input line 49.
Package babel Info: Redefining spanish shorthand "~
(babel)             in language  on input line 49.
Package babel Info: Redefining spanish shorthand "!
(babel)             in language  on input line 49.
Package babel Info: Redefining spanish shorthand "?
(babel)             in language  on input line 49.
pdfTeX warning (ext4): destination with the same identifier (name{page.1}) has 
been already used, duplicate ignored
<to be read again> 
                   \relax 
l.49 
      [1]
Package babel Info: Redefining spanish shorthand <<
(babel)             in language  on input line 50.
Package babel Info: Redefining spanish shorthand >>
(babel)             in language  on input line 50.
Package babel Info: Redefining spanish shorthand "=
(babel)             in language  on input line 50.
Package babel Info: Redefining spanish shorthand "~
(babel)             in language  on input line 50.
Package babel Info: Redefining spanish shorthand "!
(babel)             in language  on input line 50.
Package babel Info: Redefining spanish shorthand "?
(babel)             in language  on input line 50.

Underfull \hbox (badness 10000) in paragraph at lines 52--53

 []


LaTeX Warning: Command \textdegree invalid in math mode on input line 54.

Package babel Info: Redefining spanish shorthand <<
(babel)             in language  on input line 56.
Package babel Info: Redefining spanish shorthand >>
(babel)             in language  on input line 56.
Package babel Info: Redefining spanish shorthand "=
(babel)             in language  on input line 56.
Package babel Info: Redefining spanish shorthand "~
(babel)             in language  on input line 56.
Package babel Info: Redefining spanish shorthand "!
(babel)             in language  on input line 56.
Package babel Info: Redefining spanish shorthand "?
(babel)             in language  on input line 56.
Package babel Info: Redefining spanish shorthand <<
(babel)             in language  on input line 76.
Package babel Info: Redefining spanish shorthand >>
(babel)             in language  on input line 76.
Package babel Info: Redefining spanish shorthand "=
(babel)             in language  on input line 76.
Package babel Info: Redefining spanish shorthand "~
(babel)             in language  on input line 76.
Package babel Info: Redefining spanish shorthand "!
(babel)             in language  on input line 76.
Package babel Info: Redefining spanish shorthand "?
(babel)             in language  on input line 76.

Package Fancyhdr Warning: \headheight is too small (12.0pt): 
 Make it at least 14.49998pt.
 We now make it that large for the rest of the document.
 This may cause the page layout to be inconsistent, however.

Package babel Info: Redefining spanish shorthand <<
(babel)             in language  on input line 84.
Package babel Info: Redefining spanish shorthand >>
(babel)             in language  on input line 84.
Package babel Info: Redefining spanish shorthand "=
(babel)             in language  on input line 84.
Package babel Info: Redefining spanish shorthand "~
(babel)             in language  on input line 84.
Package babel Info: Redefining spanish shorthand "!
(babel)             in language  on input line 84.
Package babel Info: Redefining spanish shorthand "?
(babel)             in language  on input line 84.
Package babel Info: Redefining spanish shorthand <<
(babel)             in language  on input line 84.
Package babel Info: Redefining spanish shorthand >>
(babel)             in language  on input line 84.
Package babel Info: Redefining spanish shorthand "=
(babel)             in language  on input line 84.
Package babel Info: Redefining spanish shorthand "~
(babel)             in language  on input line 84.
Package babel Info: Redefining spanish shorthand "!
(babel)             in language  on input line 84.
Package babel Info: Redefining spanish shorthand "?
(babel)             in language  on input line 84.
pdfTeX warning (ext4): destination with the same identifier (name{page.2}) has 
been already used, duplicate ignored
<to be read again> 
                   \relax 
l.84 \end{enumerate}
                     [2]
Package babel Info: Redefining spanish shorthand <<
(babel)             in language  on input line 87.
Package babel Info: Redefining spanish shorthand >>
(babel)             in language  on input line 87.
Package babel Info: Redefining spanish shorthand "=
(babel)             in language  on input line 87.
Package babel Info: Redefining spanish shorthand "~
(babel)             in language  on input line 87.
Package babel Info: Redefining spanish shorthand "!
(babel)             in language  on input line 87.
Package babel Info: Redefining spanish shorthand "?
(babel)             in language  on input line 87.


Package Fancyhdr Warning: \headheight is too small (12.0pt): 
 Make it at least 14.49998pt.
 We now make it that large for the rest of the document.
 This may cause the page layout to be inconsistent, however.

Package babel Info: Redefining spanish shorthand <<
(babel)             in language  on input line 111.
Package babel Info: Redefining spanish shorthand >>
(babel)             in language  on input line 111.
Package babel Info: Redefining spanish shorthand "=
(babel)             in language  on input line 111.
Package babel Info: Redefining spanish shorthand "~
(babel)             in language  on input line 111.
Package babel Info: Redefining spanish shorthand "!
(babel)             in language  on input line 111.
Package babel Info: Redefining spanish shorthand "?
(babel)             in language  on input line 111.
Package babel Info: Redefining spanish shorthand <<
(babel)             in language  on input line 111.
Package babel Info: Redefining spanish shorthand >>
(babel)             in language  on input line 111.
Package babel Info: Redefining spanish shorthand "=
(babel)             in language  on input line 111.
Package babel Info: Redefining spanish shorthand "~
(babel)             in language  on input line 111.
Package babel Info: Redefining spanish shorthand "!
(babel)             in language  on input line 111.
Package babel Info: Redefining spanish shorthand "?
(babel)             in language  on input line 111.
[3]
Underfull \hbox (badness 10000) in paragraph at lines 113--114

 []

<japan.pdf, id=167, 845.1575pt x 597.45204pt>
File: japan.pdf Graphic file (type pdf)
 <use japan.pdf>
Package pdftex.def Info: japan.pdf used on input line 120.
(pdftex.def)             Requested size: 185.93523pt x 131.43985pt.

<rusia.jpg, id=168, 1565.09718pt x 995.97093pt>
File: rusia.jpg Graphic file (type jpg)
 <use rusia.jpg>
Package pdftex.def Info: rusia.jpg used on input line 121.
(pdftex.def)             Requested size: 203.46977pt x 129.48076pt.

<mexico.pdf, id=169, 2392.94pt x 1690.1143pt>
File: mexico.pdf Graphic file (type pdf)
 <use mexico.pdf>
Package pdftex.def Info: mexico.pdf used on input line 122.
(pdftex.def)             Requested size: 191.4391pt x 135.2119pt.

<finlandia.pdf, id=170, 2392.85962pt x 1690.03392pt>
File: finlandia.pdf Graphic file (type pdf)
 <use finlandia.pdf>
Package pdftex.def Info: finlandia.pdf used on input line 123.
(pdftex.def)             Requested size: 191.43268pt x 135.20547pt.
Package babel Info: Redefining spanish shorthand <<
(babel)             in language  on input line 127.
Package babel Info: Redefining spanish shorthand >>
(babel)             in language  on input line 127.
Package babel Info: Redefining spanish shorthand "=
(babel)             in language  on input line 127.
Package babel Info: Redefining spanish shorthand "~
(babel)             in language  on input line 127.
Package babel Info: Redefining spanish shorthand "!
(babel)             in language  on input line 127.
Package babel Info: Redefining spanish shorthand "?
(babel)             in language  on input line 127.

Underfull \hbox (badness 10000) in paragraph at lines 128--129

 []


Package Fancyhdr Warning: \headheight is too small (12.0pt): 
 Make it at least 14.49998pt.
 We now make it that large for the rest of the document.
 This may cause the page layout to be inconsistent, however.

Package babel Info: Redefining spanish shorthand <<
(babel)             in language  on input line 136.
Package babel Info: Redefining spanish shorthand >>
(babel)             in language  on input line 136.
Package babel Info: Redefining spanish shorthand "=
(babel)             in language  on input line 136.
Package babel Info: Redefining spanish shorthand "~
(babel)             in language  on input line 136.
Package babel Info: Redefining spanish shorthand "!
(babel)             in language  on input line 136.
Package babel Info: Redefining spanish shorthand "?
(babel)             in language  on input line 136.
Package babel Info: Redefining spanish shorthand <<
(babel)             in language  on input line 136.
Package babel Info: Redefining spanish shorthand >>
(babel)             in language  on input line 136.
Package babel Info: Redefining spanish shorthand "=
(babel)             in language  on input line 136.
Package babel Info: Redefining spanish shorthand "~
(babel)             in language  on input line 136.
Package babel Info: Redefining spanish shorthand "!
(babel)             in language  on input line 136.
Package babel Info: Redefining spanish shorthand "?
(babel)             in language  on input line 136.
[4 <./japan.pdf, page is rotated 90 degrees> <./rusia.jpg> <./mexico.pdf> <./fi
nlandia.pdf

pdfTeX warning: /Library/TeX/texbin/pdflatex (file ./finlandia.pdf): PDF inclus
ion: multiple pdfs with page group included in a single page
>]
Package babel Info: Redefining spanish shorthand <<
(babel)             in language  on input line 140.
Package babel Info: Redefining spanish shorthand >>
(babel)             in language  on input line 140.
Package babel Info: Redefining spanish shorthand "=
(babel)             in language  on input line 140.
Package babel Info: Redefining spanish shorthand "~
(babel)             in language  on input line 140.
Package babel Info: Redefining spanish shorthand "!
(babel)             in language  on input line 140.
Package babel Info: Redefining spanish shorthand "?
(babel)             in language  on input line 140.
Package babel Info: Redefining spanish shorthand <<
(babel)             in language  on input line 152.
Package babel Info: Redefining spanish shorthand >>
(babel)             in language  on input line 152.
Package babel Info: Redefining spanish shorthand "=
(babel)             in language  on input line 152.
Package babel Info: Redefining spanish shorthand "~
(babel)             in language  on input line 152.
Package babel Info: Redefining spanish shorthand "!
(babel)             in language  on input line 152.
Package babel Info: Redefining spanish shorthand "?
(babel)             in language  on input line 152.
Package babel Info: Redefining spanish shorthand <<
(babel)             in language  on input line 160.
Package babel Info: Redefining spanish shorthand >>
(babel)             in language  on input line 160.
Package babel Info: Redefining spanish shorthand "=
(babel)             in language  on input line 160.
Package babel Info: Redefining spanish shorthand "~
(babel)             in language  on input line 160.
Package babel Info: Redefining spanish shorthand "!
(babel)             in language  on input line 160.
Package babel Info: Redefining spanish shorthand "?
(babel)             in language  on input line 160.
Package babel Info: Redefining spanish shorthand <<
(babel)             in language  on input line 172.
Package babel Info: Redefining spanish shorthand >>
(babel)             in language  on input line 172.
Package babel Info: Redefining spanish shorthand "=
(babel)             in language  on input line 172.
Package babel Info: Redefining spanish shorthand "~
(babel)             in language  on input line 172.
Package babel Info: Redefining spanish shorthand "!
(babel)             in language  on input line 172.
Package babel Info: Redefining spanish shorthand "?
(babel)             in language  on input line 172.


Package Fancyhdr Warning: \headheight is too small (12.0pt): 
 Make it at least 14.49998pt.
 We now make it that large for the rest of the document.
 This may cause the page layout to be inconsistent, however.

Package babel Info: Redefining spanish shorthand <<
(babel)             in language  on input line 175.
Package babel Info: Redefining spanish shorthand >>
(babel)             in language  on input line 175.
Package babel Info: Redefining spanish shorthand "=
(babel)             in language  on input line 175.
Package babel Info: Redefining spanish shorthand "~
(babel)             in language  on input line 175.
Package babel Info: Redefining spanish shorthand "!
(babel)             in language  on input line 175.
Package babel Info: Redefining spanish shorthand "?
(babel)             in language  on input line 175.
Package babel Info: Redefining spanish shorthand <<
(babel)             in language  on input line 175.
Package babel Info: Redefining spanish shorthand >>
(babel)             in language  on input line 175.
Package babel Info: Redefining spanish shorthand "=
(babel)             in language  on input line 175.
Package babel Info: Redefining spanish shorthand "~
(babel)             in language  on input line 175.
Package babel Info: Redefining spanish shorthand "!
(babel)             in language  on input line 175.
Package babel Info: Redefining spanish shorthand "?
(babel)             in language  on input line 175.
[5]
Package babel Info: Redefining spanish shorthand <<
(babel)             in language  on input line 186.
Package babel Info: Redefining spanish shorthand >>
(babel)             in language  on input line 186.
Package babel Info: Redefining spanish shorthand "=
(babel)             in language  on input line 186.
Package babel Info: Redefining spanish shorthand "~
(babel)             in language  on input line 186.
Package babel Info: Redefining spanish shorthand "!
(babel)             in language  on input line 186.
Package babel Info: Redefining spanish shorthand "?
(babel)             in language  on input line 186.
Package babel Info: Redefining spanish shorthand <<
(babel)             in language  on input line 190.
Package babel Info: Redefining spanish shorthand >>
(babel)             in language  on input line 190.
Package babel Info: Redefining spanish shorthand "=
(babel)             in language  on input line 190.
Package babel Info: Redefining spanish shorthand "~
(babel)             in language  on input line 190.
Package babel Info: Redefining spanish shorthand "!
(babel)             in language  on input line 190.
Package babel Info: Redefining spanish shorthand "?
(babel)             in language  on input line 190.


Package Fancyhdr Warning: \headheight is too small (12.0pt): 
 Make it at least 14.49998pt.
 We now make it that large for the rest of the document.
 This may cause the page layout to be inconsistent, however.

Package babel Info: Redefining spanish shorthand <<
(babel)             in language  on input line 198.
Package babel Info: Redefining spanish shorthand >>
(babel)             in language  on input line 198.
Package babel Info: Redefining spanish shorthand "=
(babel)             in language  on input line 198.
Package babel Info: Redefining spanish shorthand "~
(babel)             in language  on input line 198.
Package babel Info: Redefining spanish shorthand "!
(babel)             in language  on input line 198.
Package babel Info: Redefining spanish shorthand "?
(babel)             in language  on input line 198.
Package babel Info: Redefining spanish shorthand <<
(babel)             in language  on input line 198.
Package babel Info: Redefining spanish shorthand >>
(babel)             in language  on input line 198.
Package babel Info: Redefining spanish shorthand "=
(babel)             in language  on input line 198.
Package babel Info: Redefining spanish shorthand "~
(babel)             in language  on input line 198.
Package babel Info: Redefining spanish shorthand "!
(babel)             in language  on input line 198.
Package babel Info: Redefining spanish shorthand "?
(babel)             in language  on input line 198.
[6]
Package babel Info: Redefining spanish shorthand <<
(babel)             in language  on input line 203.
Package babel Info: Redefining spanish shorthand >>
(babel)             in language  on input line 203.
Package babel Info: Redefining spanish shorthand "=
(babel)             in language  on input line 203.
Package babel Info: Redefining spanish shorthand "~
(babel)             in language  on input line 203.
Package babel Info: Redefining spanish shorthand "!
(babel)             in language  on input line 203.
Package babel Info: Redefining spanish shorthand "?
(babel)             in language  on input line 203.

<ISLP_tilastokilpailun_juliste_engl.pdf, id=328, 1690.09421pt x 2392.87971pt>
File: ISLP_tilastokilpailun_juliste_engl.pdf Graphic file (type pdf)

<use ISLP_tilastokilpailun_juliste_engl.pdf>
Package pdftex.def Info: ISLP_tilastokilpailun_juliste_engl.pdf used on input l
ine 204.
(pdftex.def)             Requested size: 1690.09009pt x 2392.8739pt.
File: ISLP_tilastokilpailun_juliste_engl.pdf Graphic file (type pdf)

<use ISLP_tilastokilpailun_juliste_engl.pdf>
Package pdftex.def Info: ISLP_tilastokilpailun_juliste_engl.pdf used on input l
ine 204.
(pdftex.def)             Requested size: 1690.09009pt x 2392.8739pt.

<ISLP_tilastokilpailun_juliste_engl.pdf, id=331, page=1, 1690.09421pt x 2392.87
971pt>
File: ISLP_tilastokilpailun_juliste_engl.pdf Graphic file (type pdf)
 <use ISLP_tilastokilpailun_juliste_engl.pdf, page 1>
Package pdftex.def Info: ISLP_tilastokilpailun_juliste_engl.pdf, page1 used on 
input line 204.
(pdftex.def)             Requested size: 1690.09009pt x 2392.8739pt.
File: ISLP_tilastokilpailun_juliste_engl.pdf Graphic file (type pdf)

<use ISLP_tilastokilpailun_juliste_engl.pdf, page 1>
Package pdftex.def Info: ISLP_tilastokilpailun_juliste_engl.pdf, page1 used on 
input line 204.
(pdftex.def)             Requested size: 597.06062pt x 845.3341pt.


Package Fancyhdr Warning: \headheight is too small (12.0pt): 
 Make it at least 14.49998pt.
 We now make it that large for the rest of the document.
 This may cause the page layout to be inconsistent, however.

Package babel Info: Redefining spanish shorthand <<
(babel)             in language  on input line 204.
Package babel Info: Redefining spanish shorthand >>
(babel)             in language  on input line 204.
Package babel Info: Redefining spanish shorthand "=
(babel)             in language  on input line 204.
Package babel Info: Redefining spanish shorthand "~
(babel)             in language  on input line 204.
Package babel Info: Redefining spanish shorthand "!
(babel)             in language  on input line 204.
Package babel Info: Redefining spanish shorthand "?
(babel)             in language  on input line 204.
Package babel Info: Redefining spanish shorthand <<
(babel)             in language  on input line 204.
Package babel Info: Redefining spanish shorthand >>
(babel)             in language  on input line 204.
Package babel Info: Redefining spanish shorthand "=
(babel)             in language  on input line 204.
Package babel Info: Redefining spanish shorthand "~
(babel)             in language  on input line 204.
Package babel Info: Redefining spanish shorthand "!
(babel)             in language  on input line 204.
Package babel Info: Redefining spanish shorthand "?
(babel)             in language  on input line 204.
[7]
File: ISLP_tilastokilpailun_juliste_engl.pdf Graphic file (type pdf)
 <use ISLP_tilastokilpailun_juliste_engl.pdf, page 1>
Package pdftex.def Info: ISLP_tilastokilpailun_juliste_engl.pdf, page1 used on 
input line 204.
(pdftex.def)             Requested size: 597.06062pt x 845.3341pt.
File: ISLP_tilastokilpailun_juliste_engl.pdf Graphic file (type pdf)

<use ISLP_tilastokilpailun_juliste_engl.pdf, page 1>
Package pdftex.def Info: ISLP_tilastokilpailun_juliste_engl.pdf, page1 used on 
input line 204.
(pdftex.def)             Requested size: 597.06062pt x 845.3341pt.
Package babel Info: Redefining spanish shorthand <<
(babel)             in language  on input line 204.
Package babel Info: Redefining spanish shorthand >>
(babel)             in language  on input line 204.
Package babel Info: Redefining spanish shorthand "=
(babel)             in language  on input line 204.
Package babel Info: Redefining spanish shorthand "~
(babel)             in language  on input line 204.
Package babel Info: Redefining spanish shorthand "!
(babel)             in language  on input line 204.
Package babel Info: Redefining spanish shorthand "?
(babel)             in language  on input line 204.
Package babel Info: Redefining spanish shorthand <<
(babel)             in language  on input line 204.
Package babel Info: Redefining spanish shorthand >>
(babel)             in language  on input line 204.
Package babel Info: Redefining spanish shorthand "=
(babel)             in language  on input line 204.
Package babel Info: Redefining spanish shorthand "~
(babel)             in language  on input line 204.
Package babel Info: Redefining spanish shorthand "!
(babel)             in language  on input line 204.
Package babel Info: Redefining spanish shorthand "?
(babel)             in language  on input line 204.
File: ISLP_tilastokilpailun_juliste_engl.pdf Graphic file (type pdf)

<use ISLP_tilastokilpailun_juliste_engl.pdf, page 1>
Package pdftex.def Info: ISLP_tilastokilpailun_juliste_engl.pdf, page1 used on 
input line 204.
(pdftex.def)             Requested size: 597.06062pt x 845.3341pt.
 [8 <./ISLP_tilastokilpailun_juliste_engl.pdf>]
<competition_flyer_espanol_2018-2019.pdf, id=368, 614.295pt x 794.97pt>
File: competition_flyer_espanol_2018-2019.pdf Graphic file (type pdf)

<use competition_flyer_espanol_2018-2019.pdf>
Package pdftex.def Info: competition_flyer_espanol_2018-2019.pdf used on input 
line 205.
(pdftex.def)             Requested size: 614.29349pt x 794.96806pt.
File: competition_flyer_espanol_2018-2019.pdf Graphic file (type pdf)

<use competition_flyer_espanol_2018-2019.pdf>
Package pdftex.def Info: competition_flyer_espanol_2018-2019.pdf used on input 
line 205.
(pdftex.def)             Requested size: 614.29349pt x 794.96806pt.

<competition_flyer_espanol_2018-2019.pdf, id=371, page=1, 614.295pt x 794.97pt>
File: competition_flyer_espanol_2018-2019.pdf Graphic file (type pdf)
<use competition_flyer_espanol_2018-2019.pdf, page 1>
Package pdftex.def Info: competition_flyer_espanol_2018-2019.pdf, page1 used on
 input line 205.
(pdftex.def)             Requested size: 614.29349pt x 794.96806pt.
File: competition_flyer_espanol_2018-2019.pdf Graphic file (type pdf)

<use competition_flyer_espanol_2018-2019.pdf, page 1>
Package pdftex.def Info: competition_flyer_espanol_2018-2019.pdf, page1 used on
 input line 205.
(pdftex.def)             Requested size: 597.78697pt x 773.60669pt.
File: competition_flyer_espanol_2018-2019.pdf Graphic file (type pdf)

<use competition_flyer_espanol_2018-2019.pdf, page 1>
Package pdftex.def Info: competition_flyer_espanol_2018-2019.pdf, page1 used on
 input line 205.
(pdftex.def)             Requested size: 597.78697pt x 773.60669pt.
File: competition_flyer_espanol_2018-2019.pdf Graphic file (type pdf)

<use competition_flyer_espanol_2018-2019.pdf, page 1>
Package pdftex.def Info: competition_flyer_espanol_2018-2019.pdf, page1 used on
 input line 205.
(pdftex.def)             Requested size: 597.78697pt x 773.60669pt.
Package babel Info: Redefining spanish shorthand <<
(babel)             in language  on input line 205.
Package babel Info: Redefining spanish shorthand >>
(babel)             in language  on input line 205.
Package babel Info: Redefining spanish shorthand "=
(babel)             in language  on input line 205.
Package babel Info: Redefining spanish shorthand "~
(babel)             in language  on input line 205.
Package babel Info: Redefining spanish shorthand "!
(babel)             in language  on input line 205.
Package babel Info: Redefining spanish shorthand "?
(babel)             in language  on input line 205.
Package babel Info: Redefining spanish shorthand <<
(babel)             in language  on input line 205.
Package babel Info: Redefining spanish shorthand >>
(babel)             in language  on input line 205.
Package babel Info: Redefining spanish shorthand "=
(babel)             in language  on input line 205.
Package babel Info: Redefining spanish shorthand "~
(babel)             in language  on input line 205.
Package babel Info: Redefining spanish shorthand "!
(babel)             in language  on input line 205.
Package babel Info: Redefining spanish shorthand "?
(babel)             in language  on input line 205.
File: competition_flyer_espanol_2018-2019.pdf Graphic file (type pdf)

<use competition_flyer_espanol_2018-2019.pdf, page 1>
Package pdftex.def Info: competition_flyer_espanol_2018-2019.pdf, page1 used on
 input line 205.
(pdftex.def)             Requested size: 597.78697pt x 773.60669pt.
 [9 <./competition_flyer_espanol_2018-2019.pdf>]
Package babel Info: Redefining spanish shorthand <<
(babel)             in language  on input line 207.
Package babel Info: Redefining spanish shorthand >>
(babel)             in language  on input line 207.
Package babel Info: Redefining spanish shorthand "=
(babel)             in language  on input line 207.
Package babel Info: Redefining spanish shorthand "~
(babel)             in language  on input line 207.
Package babel Info: Redefining spanish shorthand "!
(babel)             in language  on input line 207.
Package babel Info: Redefining spanish shorthand "?
(babel)             in language  on input line 207.
 <patrocinio.pdf, id=401, 597.50829pt x 845.0471pt>
File: patrocinio.pdf Graphic file (type pdf)

<use patrocinio.pdf>
Package pdftex.def Info: patrocinio.pdf used on input line 208.
(pdftex.def)             Requested size: 597.50682pt x 845.04504pt.
File: patrocinio.pdf Graphic file (type pdf)
 <use patrocinio.pdf>
Package pdftex.def Info: patrocinio.pdf used on input line 208.
(pdftex.def)             Requested size: 597.50682pt x 845.04504pt.

<patrocinio.pdf, id=404, page=1, 597.50829pt x 845.0471pt>
File: patrocinio.pdf Graphic file (type pdf)

<use patrocinio.pdf, page 1>
Package pdftex.def Info: patrocinio.pdf, page1 used on input line 208.
(pdftex.def)             Requested size: 597.50682pt x 845.04504pt.
File: patrocinio.pdf Graphic file (type pdf)
 <use patrocinio.pdf, page 1>
Package pdftex.def Info: patrocinio.pdf, page1 used on input line 208.
(pdftex.def)             Requested size: 597.53416pt x 845.08372pt.


Package Fancyhdr Warning: \headheight is too small (12.0pt): 
 Make it at least 14.49998pt.
 We now make it that large for the rest of the document.
 This may cause the page layout to be inconsistent, however.

Package babel Info: Redefining spanish shorthand <<
(babel)             in language  on input line 208.
Package babel Info: Redefining spanish shorthand >>
(babel)             in language  on input line 208.
Package babel Info: Redefining spanish shorthand "=
(babel)             in language  on input line 208.
Package babel Info: Redefining spanish shorthand "~
(babel)             in language  on input line 208.
Package babel Info: Redefining spanish shorthand "!
(babel)             in language  on input line 208.
Package babel Info: Redefining spanish shorthand "?
(babel)             in language  on input line 208.
Package babel Info: Redefining spanish shorthand <<
(babel)             in language  on input line 208.
Package babel Info: Redefining spanish shorthand >>
(babel)             in language  on input line 208.
Package babel Info: Redefining spanish shorthand "=
(babel)             in language  on input line 208.
Package babel Info: Redefining spanish shorthand "~
(babel)             in language  on input line 208.
Package babel Info: Redefining spanish shorthand "!
(babel)             in language  on input line 208.
Package babel Info: Redefining spanish shorthand "?
(babel)             in language  on input line 208.
[10]
File: patrocinio.pdf Graphic file (type pdf)
 <use patrocinio.pdf, page 1>
Package pdftex.def Info: patrocinio.pdf, page1 used on input line 208.
(pdftex.def)             Requested size: 597.53416pt x 845.08372pt.
File: patrocinio.pdf Graphic file (type pdf)
 <use patrocinio.pdf, page 1>
Package pdftex.def Info: patrocinio.pdf, page1 used on input line 208.
(pdftex.def)             Requested size: 597.53416pt x 845.08372pt.
Package babel Info: Redefining spanish shorthand <<
(babel)             in language  on input line 208.
Package babel Info: Redefining spanish shorthand >>
(babel)             in language  on input line 208.
Package babel Info: Redefining spanish shorthand "=
(babel)             in language  on input line 208.
Package babel Info: Redefining spanish shorthand "~
(babel)             in language  on input line 208.
Package babel Info: Redefining spanish shorthand "!
(babel)             in language  on input line 208.
Package babel Info: Redefining spanish shorthand "?
(babel)             in language  on input line 208.
Package babel Info: Redefining spanish shorthand <<
(babel)             in language  on input line 208.
Package babel Info: Redefining spanish shorthand >>
(babel)             in language  on input line 208.
Package babel Info: Redefining spanish shorthand "=
(babel)             in language  on input line 208.
Package babel Info: Redefining spanish shorthand "~
(babel)             in language  on input line 208.
Package babel Info: Redefining spanish shorthand "!
(babel)             in language  on input line 208.
Package babel Info: Redefining spanish shorthand "?
(babel)             in language  on input line 208.
File: patrocinio.pdf Graphic file (type pdf)

<use patrocinio.pdf, page 1>
Package pdftex.def Info: patrocinio.pdf, page1 used on input line 208.
(pdftex.def)             Requested size: 597.53416pt x 845.08372pt.
 [11 <./patrocinio.pdf>]
Package babel Info: Redefining spanish shorthand <<
(babel)             in language  on input line 210.
Package babel Info: Redefining spanish shorthand >>
(babel)             in language  on input line 210.
Package babel Info: Redefining spanish shorthand "=
(babel)             in language  on input line 210.
Package babel Info: Redefining spanish shorthand "~
(babel)             in language  on input line 210.
Package babel Info: Redefining spanish shorthand "!
(babel)             in language  on input line 210.
Package babel Info: Redefining spanish shorthand "?
(babel)             in language  on input line 210.

<jurado.pdf, id=449, 597.50829pt x 845.0471pt>
File: jurado.pdf Graphic file (type pdf)
 <use jurado.pdf>
Package pdftex.def Info: jurado.pdf used on input line 211.
(pdftex.def)             Requested size: 597.50682pt x 845.04504pt.
File: jurado.pdf Graphic file (type pdf)

<use jurado.pdf>
Package pdftex.def Info: jurado.pdf used on input line 211.
(pdftex.def)             Requested size: 597.50682pt x 845.04504pt.
 <jurado.pdf, id=452, page=1, 597.50829pt x 845.0471pt>
File: jurado.pdf Graphic file (type pdf)

<use jurado.pdf, page 1>
Package pdftex.def Info: jurado.pdf, page1 used on input line 211.
(pdftex.def)             Requested size: 597.50682pt x 845.04504pt.
File: jurado.pdf Graphic file (type pdf)
 <use jurado.pdf, page 1>
Package pdftex.def Info: jurado.pdf, page1 used on input line 211.
(pdftex.def)             Requested size: 597.53416pt x 845.08372pt.


Package Fancyhdr Warning: \headheight is too small (12.0pt): 
 Make it at least 14.49998pt.
 We now make it that large for the rest of the document.
 This may cause the page layout to be inconsistent, however.

Package babel Info: Redefining spanish shorthand <<
(babel)             in language  on input line 211.
Package babel Info: Redefining spanish shorthand >>
(babel)             in language  on input line 211.
Package babel Info: Redefining spanish shorthand "=
(babel)             in language  on input line 211.
Package babel Info: Redefining spanish shorthand "~
(babel)             in language  on input line 211.
Package babel Info: Redefining spanish shorthand "!
(babel)             in language  on input line 211.
Package babel Info: Redefining spanish shorthand "?
(babel)             in language  on input line 211.
Package babel Info: Redefining spanish shorthand <<
(babel)             in language  on input line 211.
Package babel Info: Redefining spanish shorthand >>
(babel)             in language  on input line 211.
Package babel Info: Redefining spanish shorthand "=
(babel)             in language  on input line 211.
Package babel Info: Redefining spanish shorthand "~
(babel)             in language  on input line 211.
Package babel Info: Redefining spanish shorthand "!
(babel)             in language  on input line 211.
Package babel Info: Redefining spanish shorthand "?
(babel)             in language  on input line 211.
[12]
File: jurado.pdf Graphic file (type pdf)
 <use jurado.pdf, page 1>
Package pdftex.def Info: jurado.pdf, page1 used on input line 211.
(pdftex.def)             Requested size: 597.53416pt x 845.08372pt.
File: jurado.pdf Graphic file (type pdf)
 <use jurado.pdf, page 1>
Package pdftex.def Info: jurado.pdf, page1 used on input line 211.
(pdftex.def)             Requested size: 597.53416pt x 845.08372pt.
Package babel Info: Redefining spanish shorthand <<
(babel)             in language  on input line 211.
Package babel Info: Redefining spanish shorthand >>
(babel)             in language  on input line 211.
Package babel Info: Redefining spanish shorthand "=
(babel)             in language  on input line 211.
Package babel Info: Redefining spanish shorthand "~
(babel)             in language  on input line 211.
Package babel Info: Redefining spanish shorthand "!
(babel)             in language  on input line 211.
Package babel Info: Redefining spanish shorthand "?
(babel)             in language  on input line 211.
Package babel Info: Redefining spanish shorthand <<
(babel)             in language  on input line 211.
Package babel Info: Redefining spanish shorthand >>
(babel)             in language  on input line 211.
Package babel Info: Redefining spanish shorthand "=
(babel)             in language  on input line 211.
Package babel Info: Redefining spanish shorthand "~
(babel)             in language  on input line 211.
Package babel Info: Redefining spanish shorthand "!
(babel)             in language  on input line 211.
Package babel Info: Redefining spanish shorthand "?
(babel)             in language  on input line 211.
File: jurado.pdf Graphic file (type pdf)

<use jurado.pdf, page 1>
Package pdftex.def Info: jurado.pdf, page1 used on input line 211.
(pdftex.def)             Requested size: 597.53416pt x 845.08372pt.
 [13 <./jurado.pdf>]
Package babel Info: Redefining spanish shorthand <<
(babel)             in language  on input line 212.
Package babel Info: Redefining spanish shorthand >>
(babel)             in language  on input line 212.
Package babel Info: Redefining spanish shorthand "=
(babel)             in language  on input line 212.
Package babel Info: Redefining spanish shorthand "~
(babel)             in language  on input line 212.
Package babel Info: Redefining spanish shorthand "!
(babel)             in language  on input line 212.
Package babel Info: Redefining spanish shorthand "?
(babel)             in language  on input line 212.

<judging_criteria_english.pdf, id=484, 597.55246pt x 844.83629pt>
File: judging_criteria_english.pdf Graphic file (type pdf)

<use judging_criteria_english.pdf>
Package pdftex.def Info: judging_criteria_english.pdf used on input line 213.
(pdftex.def)             Requested size: 597.551pt x 844.83423pt.
File: judging_criteria_english.pdf Graphic file (type pdf)
 <use judging_criteria_english.pdf>
Package pdftex.def Info: judging_criteria_english.pdf used on input line 213.
(pdftex.def)             Requested size: 597.551pt x 844.83423pt.

<judging_criteria_english.pdf, id=487, page=1, 597.55246pt x 844.83629pt>
File: judging_criteria_english.pdf Graphic file (type pdf)

<use judging_criteria_english.pdf, page 1>
Package pdftex.def Info: judging_criteria_english.pdf, page1 used on input line
 213.
(pdftex.def)             Requested size: 597.551pt x 844.83423pt.
File: judging_criteria_english.pdf Graphic file (type pdf)

<use judging_criteria_english.pdf, page 1>
Package pdftex.def Info: judging_criteria_english.pdf, page1 used on input line
 213.
(pdftex.def)             Requested size: 598.05247pt x 845.54323pt.


Package Fancyhdr Warning: \headheight is too small (12.0pt): 
 Make it at least 14.49998pt.
 We now make it that large for the rest of the document.
 This may cause the page layout to be inconsistent, however.

Package babel Info: Redefining spanish shorthand <<
(babel)             in language  on input line 213.
Package babel Info: Redefining spanish shorthand >>
(babel)             in language  on input line 213.
Package babel Info: Redefining spanish shorthand "=
(babel)             in language  on input line 213.
Package babel Info: Redefining spanish shorthand "~
(babel)             in language  on input line 213.
Package babel Info: Redefining spanish shorthand "!
(babel)             in language  on input line 213.
Package babel Info: Redefining spanish shorthand "?
(babel)             in language  on input line 213.
Package babel Info: Redefining spanish shorthand <<
(babel)             in language  on input line 213.
Package babel Info: Redefining spanish shorthand >>
(babel)             in language  on input line 213.
Package babel Info: Redefining spanish shorthand "=
(babel)             in language  on input line 213.
Package babel Info: Redefining spanish shorthand "~
(babel)             in language  on input line 213.
Package babel Info: Redefining spanish shorthand "!
(babel)             in language  on input line 213.
Package babel Info: Redefining spanish shorthand "?
(babel)             in language  on input line 213.
[14]
File: judging_criteria_english.pdf Graphic file (type pdf)
 <use judging_criteria_english.pdf, page 1>
Package pdftex.def Info: judging_criteria_english.pdf, page1 used on input line
 213.
(pdftex.def)             Requested size: 598.05247pt x 845.54323pt.
File: judging_criteria_english.pdf Graphic file (type pdf)

<use judging_criteria_english.pdf, page 1>
Package pdftex.def Info: judging_criteria_english.pdf, page1 used on input line
 213.
(pdftex.def)             Requested size: 598.05247pt x 845.54323pt.
Package babel Info: Redefining spanish shorthand <<
(babel)             in language  on input line 213.
Package babel Info: Redefining spanish shorthand >>
(babel)             in language  on input line 213.
Package babel Info: Redefining spanish shorthand "=
(babel)             in language  on input line 213.
Package babel Info: Redefining spanish shorthand "~
(babel)             in language  on input line 213.
Package babel Info: Redefining spanish shorthand "!
(babel)             in language  on input line 213.
Package babel Info: Redefining spanish shorthand "?
(babel)             in language  on input line 213.
Package babel Info: Redefining spanish shorthand <<
(babel)             in language  on input line 213.
Package babel Info: Redefining spanish shorthand >>
(babel)             in language  on input line 213.
Package babel Info: Redefining spanish shorthand "=
(babel)             in language  on input line 213.
Package babel Info: Redefining spanish shorthand "~
(babel)             in language  on input line 213.
Package babel Info: Redefining spanish shorthand "!
(babel)             in language  on input line 213.
Package babel Info: Redefining spanish shorthand "?
(babel)             in language  on input line 213.
File: judging_criteria_english.pdf Graphic file (type pdf)

<use judging_criteria_english.pdf, page 1>
Package pdftex.def Info: judging_criteria_english.pdf, page1 used on input line
 213.
(pdftex.def)             Requested size: 598.05247pt x 845.54323pt.
 [15 <./judging_criteria_english.pdf>]
Package babel Info: Redefining spanish shorthand <<
(babel)             in language  on input line 215.
Package babel Info: Redefining spanish shorthand >>
(babel)             in language  on input line 215.
Package babel Info: Redefining spanish shorthand "=
(babel)             in language  on input line 215.
Package babel Info: Redefining spanish shorthand "~
(babel)             in language  on input line 215.
Package babel Info: Redefining spanish shorthand "!
(babel)             in language  on input line 215.
Package babel Info: Redefining spanish shorthand "?
(babel)             in language  on input line 215.
 <poster_guidelines_Spanish.pdf, id=521, 597.55246pt x 844.83629pt>
File: poster_guidelines_Spanish.pdf Graphic file (type pdf)

<use poster_guidelines_Spanish.pdf>
Package pdftex.def Info: poster_guidelines_Spanish.pdf used on input line 216.
(pdftex.def)             Requested size: 597.551pt x 844.83423pt.
File: poster_guidelines_Spanish.pdf Graphic file (type pdf)
 <use poster_guidelines_Spanish.pdf>
Package pdftex.def Info: poster_guidelines_Spanish.pdf used on input line 216.
(pdftex.def)             Requested size: 597.551pt x 844.83423pt.

<poster_guidelines_Spanish.pdf, id=524, page=1, 597.55246pt x 844.83629pt>
File: poster_guidelines_Spanish.pdf Graphic file (type pdf)

<use poster_guidelines_Spanish.pdf, page 1>
Package pdftex.def Info: poster_guidelines_Spanish.pdf, page1 used on input lin
e 216.
(pdftex.def)             Requested size: 597.551pt x 844.83423pt.
File: poster_guidelines_Spanish.pdf Graphic file (type pdf)

<use poster_guidelines_Spanish.pdf, page 1>
Package pdftex.def Info: poster_guidelines_Spanish.pdf, page1 used on input lin
e 216.
(pdftex.def)             Requested size: 598.05247pt x 845.54323pt.


Package Fancyhdr Warning: \headheight is too small (12.0pt): 
 Make it at least 14.49998pt.
 We now make it that large for the rest of the document.
 This may cause the page layout to be inconsistent, however.

Package babel Info: Redefining spanish shorthand <<
(babel)             in language  on input line 216.
Package babel Info: Redefining spanish shorthand >>
(babel)             in language  on input line 216.
Package babel Info: Redefining spanish shorthand "=
(babel)             in language  on input line 216.
Package babel Info: Redefining spanish shorthand "~
(babel)             in language  on input line 216.
Package babel Info: Redefining spanish shorthand "!
(babel)             in language  on input line 216.
Package babel Info: Redefining spanish shorthand "?
(babel)             in language  on input line 216.
Package babel Info: Redefining spanish shorthand <<
(babel)             in language  on input line 216.
Package babel Info: Redefining spanish shorthand >>
(babel)             in language  on input line 216.
Package babel Info: Redefining spanish shorthand "=
(babel)             in language  on input line 216.
Package babel Info: Redefining spanish shorthand "~
(babel)             in language  on input line 216.
Package babel Info: Redefining spanish shorthand "!
(babel)             in language  on input line 216.
Package babel Info: Redefining spanish shorthand "?
(babel)             in language  on input line 216.
[16]
File: poster_guidelines_Spanish.pdf Graphic file (type pdf)
 <use poster_guidelines_Spanish.pdf, page 1>
Package pdftex.def Info: poster_guidelines_Spanish.pdf, page1 used on input lin
e 216.
(pdftex.def)             Requested size: 598.05247pt x 845.54323pt.
File: poster_guidelines_Spanish.pdf Graphic file (type pdf)

<use poster_guidelines_Spanish.pdf, page 1>
Package pdftex.def Info: poster_guidelines_Spanish.pdf, page1 used on input lin
e 216.
(pdftex.def)             Requested size: 598.05247pt x 845.54323pt.
Package babel Info: Redefining spanish shorthand <<
(babel)             in language  on input line 216.
Package babel Info: Redefining spanish shorthand >>
(babel)             in language  on input line 216.
Package babel Info: Redefining spanish shorthand "=
(babel)             in language  on input line 216.
Package babel Info: Redefining spanish shorthand "~
(babel)             in language  on input line 216.
Package babel Info: Redefining spanish shorthand "!
(babel)             in language  on input line 216.
Package babel Info: Redefining spanish shorthand "?
(babel)             in language  on input line 216.
Package babel Info: Redefining spanish shorthand <<
(babel)             in language  on input line 216.
Package babel Info: Redefining spanish shorthand >>
(babel)             in language  on input line 216.
Package babel Info: Redefining spanish shorthand "=
(babel)             in language  on input line 216.
Package babel Info: Redefining spanish shorthand "~
(babel)             in language  on input line 216.
Package babel Info: Redefining spanish shorthand "!
(babel)             in language  on input line 216.
Package babel Info: Redefining spanish shorthand "?
(babel)             in language  on input line 216.
File: poster_guidelines_Spanish.pdf Graphic file (type pdf)

<use poster_guidelines_Spanish.pdf, page 1>
Package pdftex.def Info: poster_guidelines_Spanish.pdf, page1 used on input lin
e 216.
(pdftex.def)             Requested size: 598.05247pt x 845.54323pt.
 [17 <./poster_guidelines_Spanish.pdf>] <poster_guidelines_Spanish.pdf, id=570,
 page=2, 597.55246pt x 844.83629pt>
File: poster_guidelines_Spanish.pdf Graphic file (type pdf)

<use poster_guidelines_Spanish.pdf, page 2>
Package pdftex.def Info: poster_guidelines_Spanish.pdf, page2 used on input lin
e 216.
(pdftex.def)             Requested size: 598.05247pt x 845.54323pt.
File: poster_guidelines_Spanish.pdf Graphic file (type pdf)

<use poster_guidelines_Spanish.pdf, page 2>
Package pdftex.def Info: poster_guidelines_Spanish.pdf, page2 used on input lin
e 216.
(pdftex.def)             Requested size: 598.05247pt x 845.54323pt.
Package babel Info: Redefining spanish shorthand <<
(babel)             in language  on input line 216.
Package babel Info: Redefining spanish shorthand >>
(babel)             in language  on input line 216.
Package babel Info: Redefining spanish shorthand "=
(babel)             in language  on input line 216.
Package babel Info: Redefining spanish shorthand "~
(babel)             in language  on input line 216.
Package babel Info: Redefining spanish shorthand "!
(babel)             in language  on input line 216.
Package babel Info: Redefining spanish shorthand "?
(babel)             in language  on input line 216.
Package babel Info: Redefining spanish shorthand <<
(babel)             in language  on input line 216.
Package babel Info: Redefining spanish shorthand >>
(babel)             in language  on input line 216.
Package babel Info: Redefining spanish shorthand "=
(babel)             in language  on input line 216.
Package babel Info: Redefining spanish shorthand "~
(babel)             in language  on input line 216.
Package babel Info: Redefining spanish shorthand "!
(babel)             in language  on input line 216.
Package babel Info: Redefining spanish shorthand "?
(babel)             in language  on input line 216.
File: poster_guidelines_Spanish.pdf Graphic file (type pdf)

<use poster_guidelines_Spanish.pdf, page 2>
Package pdftex.def Info: poster_guidelines_Spanish.pdf, page2 used on input lin
e 216.
(pdftex.def)             Requested size: 598.05247pt x 845.54323pt.
 [18 <./poster_guidelines_Spanish.pdf>] <poster_guidelines_Spanish.pdf, id=579,
 page=3, 597.55246pt x 844.83629pt>
File: poster_guidelines_Spanish.pdf Graphic file (type pdf)

<use poster_guidelines_Spanish.pdf, page 3>
Package pdftex.def Info: poster_guidelines_Spanish.pdf, page3 used on input lin
e 216.
(pdftex.def)             Requested size: 598.05247pt x 845.54323pt.
File: poster_guidelines_Spanish.pdf Graphic file (type pdf)

<use poster_guidelines_Spanish.pdf, page 3>
Package pdftex.def Info: poster_guidelines_Spanish.pdf, page3 used on input lin
e 216.
(pdftex.def)             Requested size: 598.05247pt x 845.54323pt.
Package babel Info: Redefining spanish shorthand <<
(babel)             in language  on input line 216.
Package babel Info: Redefining spanish shorthand >>
(babel)             in language  on input line 216.
Package babel Info: Redefining spanish shorthand "=
(babel)             in language  on input line 216.
Package babel Info: Redefining spanish shorthand "~
(babel)             in language  on input line 216.
Package babel Info: Redefining spanish shorthand "!
(babel)             in language  on input line 216.
Package babel Info: Redefining spanish shorthand "?
(babel)             in language  on input line 216.
Package babel Info: Redefining spanish shorthand <<
(babel)             in language  on input line 216.
Package babel Info: Redefining spanish shorthand >>
(babel)             in language  on input line 216.
Package babel Info: Redefining spanish shorthand "=
(babel)             in language  on input line 216.
Package babel Info: Redefining spanish shorthand "~
(babel)             in language  on input line 216.
Package babel Info: Redefining spanish shorthand "!
(babel)             in language  on input line 216.
Package babel Info: Redefining spanish shorthand "?
(babel)             in language  on input line 216.
File: poster_guidelines_Spanish.pdf Graphic file (type pdf)

<use poster_guidelines_Spanish.pdf, page 3>
Package pdftex.def Info: poster_guidelines_Spanish.pdf, page3 used on input lin
e 216.
(pdftex.def)             Requested size: 598.05247pt x 845.54323pt.
 [19 <./poster_guidelines_Spanish.pdf>] <teachers_notes_English.pdf, id=589, 59
7.55246pt x 844.83629pt>
File: teachers_notes_English.pdf Graphic file (type pdf)

<use teachers_notes_English.pdf>
Package pdftex.def Info: teachers_notes_English.pdf used on input line 217.
(pdftex.def)             Requested size: 597.551pt x 844.83423pt.
File: teachers_notes_English.pdf Graphic file (type pdf)
 <use teachers_notes_English.pdf>
Package pdftex.def Info: teachers_notes_English.pdf used on input line 217.
(pdftex.def)             Requested size: 597.551pt x 844.83423pt.

<teachers_notes_English.pdf, id=592, page=1, 597.55246pt x 844.83629pt>
File: teachers_notes_English.pdf Graphic file (type pdf)

<use teachers_notes_English.pdf, page 1>
Package pdftex.def Info: teachers_notes_English.pdf, page1 used on input line 2
17.
(pdftex.def)             Requested size: 597.551pt x 844.83423pt.
File: teachers_notes_English.pdf Graphic file (type pdf)

<use teachers_notes_English.pdf, page 1>
Package pdftex.def Info: teachers_notes_English.pdf, page1 used on input line 2
17.
(pdftex.def)             Requested size: 598.05247pt x 845.54323pt.
File: teachers_notes_English.pdf Graphic file (type pdf)

<use teachers_notes_English.pdf, page 1>
Package pdftex.def Info: teachers_notes_English.pdf, page1 used on input line 2
17.
(pdftex.def)             Requested size: 598.05247pt x 845.54323pt.
File: teachers_notes_English.pdf Graphic file (type pdf)

<use teachers_notes_English.pdf, page 1>
Package pdftex.def Info: teachers_notes_English.pdf, page1 used on input line 2
17.
(pdftex.def)             Requested size: 598.05247pt x 845.54323pt.
Package babel Info: Redefining spanish shorthand <<
(babel)             in language  on input line 217.
Package babel Info: Redefining spanish shorthand >>
(babel)             in language  on input line 217.
Package babel Info: Redefining spanish shorthand "=
(babel)             in language  on input line 217.
Package babel Info: Redefining spanish shorthand "~
(babel)             in language  on input line 217.
Package babel Info: Redefining spanish shorthand "!
(babel)             in language  on input line 217.
Package babel Info: Redefining spanish shorthand "?
(babel)             in language  on input line 217.
Package babel Info: Redefining spanish shorthand <<
(babel)             in language  on input line 217.
Package babel Info: Redefining spanish shorthand >>
(babel)             in language  on input line 217.
Package babel Info: Redefining spanish shorthand "=
(babel)             in language  on input line 217.
Package babel Info: Redefining spanish shorthand "~
(babel)             in language  on input line 217.
Package babel Info: Redefining spanish shorthand "!
(babel)             in language  on input line 217.
Package babel Info: Redefining spanish shorthand "?
(babel)             in language  on input line 217.
File: teachers_notes_English.pdf Graphic file (type pdf)

<use teachers_notes_English.pdf, page 1>
Package pdftex.def Info: teachers_notes_English.pdf, page1 used on input line 2
17.
(pdftex.def)             Requested size: 598.05247pt x 845.54323pt.
 [20 <./teachers_notes_English.pdf>]
<teachers_notes_English.pdf, id=649, page=2, 597.55246pt x 844.83629pt>
File: teachers_notes_English.pdf Graphic file (type pdf)

<use teachers_notes_English.pdf, page 2>
Package pdftex.def Info: teachers_notes_English.pdf, page2 used on input line 2
17.
(pdftex.def)             Requested size: 598.05247pt x 845.54323pt.
File: teachers_notes_English.pdf Graphic file (type pdf)

<use teachers_notes_English.pdf, page 2>
Package pdftex.def Info: teachers_notes_English.pdf, page2 used on input line 2
17.
(pdftex.def)             Requested size: 598.05247pt x 845.54323pt.
Package babel Info: Redefining spanish shorthand <<
(babel)             in language  on input line 217.
Package babel Info: Redefining spanish shorthand >>
(babel)             in language  on input line 217.
Package babel Info: Redefining spanish shorthand "=
(babel)             in language  on input line 217.
Package babel Info: Redefining spanish shorthand "~
(babel)             in language  on input line 217.
Package babel Info: Redefining spanish shorthand "!
(babel)             in language  on input line 217.
Package babel Info: Redefining spanish shorthand "?
(babel)             in language  on input line 217.
Package babel Info: Redefining spanish shorthand <<
(babel)             in language  on input line 217.
Package babel Info: Redefining spanish shorthand >>
(babel)             in language  on input line 217.
Package babel Info: Redefining spanish shorthand "=
(babel)             in language  on input line 217.
Package babel Info: Redefining spanish shorthand "~
(babel)             in language  on input line 217.
Package babel Info: Redefining spanish shorthand "!
(babel)             in language  on input line 217.
Package babel Info: Redefining spanish shorthand "?
(babel)             in language  on input line 217.
File: teachers_notes_English.pdf Graphic file (type pdf)

<use teachers_notes_English.pdf, page 2>
Package pdftex.def Info: teachers_notes_English.pdf, page2 used on input line 2
17.
(pdftex.def)             Requested size: 598.05247pt x 845.54323pt.
 [21 <./teachers_notes_English.pdf>]
Package atveryend Info: Empty hook `BeforeClearDocument' on input line 219.
Package atveryend Info: Empty hook `AfterLastShipout' on input line 219.

(./islpBolivia_vf.aux
LaTeX Info: Redefining \. on input line 23.
LaTeX Info: Redefining \% on input line 23.
)
Package atveryend Info: Executing hook `AtVeryEndDocument' on input line 219.
Package atveryend Info: Executing hook `AtEndAfterFileList' on input line 219.
Package rerunfilecheck Info: File `islpBolivia_vf.out' has not changed.
(rerunfilecheck)             Checksum: 9820BFCE19EC4B1CEBE8ADA083DD83F0;1175.
Package atveryend Info: Empty hook `AtVeryVeryEnd' on input line 219.
 ) 
Here is how much of TeX's memory you used:
 9438 strings out of 492995
 136516 string characters out of 6132704
 250979 words of memory out of 5000000
 12793 multiletter control sequences out of 15000+600000
 17740 words of font info for 45 fonts, out of 8000000 for 9000
 1141 hyphenation exceptions out of 8191
 41i,18n,46p,822b,494s stack positions out of 5000i,500n,10000p,200000b,80000s
{/usr/local/texlive/2017/texmf-dist/fonts/enc/dvips/cm-super/cm-super-t1.enc}
</usr/local/texlive/2017/texmf-dist/fonts/type1/public/fontawesome/FontAwesome.
pfb></usr/local/texlive/2017/texmf-dist/fonts/type1/public/amsfonts/cm/cmr12.pf
b></usr/local/texlive/2017/texmf-dist/fonts/type1/public/amsfonts/cm/cmss10.pfb
></usr/local/texlive/2017/texmf-dist/fonts/type1/public/amsfonts/cm/cmss12.pfb>
</usr/local/texlive/2017/texmf-dist/fonts/type1/public/amsfonts/cm/cmssbx10.pfb
></usr/local/texlive/2017/texmf-dist/fonts/type1/public/amsfonts/cm/cmsy8.pfb><
/usr/local/texlive/2017/texmf-dist/fonts/type1/public/cm-super/sfbx1095.pfb></u
sr/local/texlive/2017/texmf-dist/fonts/type1/public/cm-super/sfbx1200.pfb></usr
/local/texlive/2017/texmf-dist/fonts/type1/public/cm-super/sfbx1440.pfb></usr/l
ocal/texlive/2017/texmf-dist/fonts/type1/public/cm-super/sfbx1728.pfb></usr/loc
al/texlive/2017/texmf-dist/fonts/type1/public/cm-super/sfbx2074.pfb></usr/local
/texlive/2017/texmf-dist/fonts/type1/public/cm-super/sfrm0700.pfb></usr/local/t
exlive/2017/texmf-dist/fonts/type1/public/cm-super/sfrm0800.pfb></usr/local/tex
live/2017/texmf-dist/fonts/type1/public/cm-super/sfrm0900.pfb></usr/local/texli
ve/2017/texmf-dist/fonts/type1/public/cm-super/sfrm1000.pfb></usr/local/texlive
/2017/texmf-dist/fonts/type1/public/cm-super/sfrm1095.pfb></usr/local/texlive/2
017/texmf-dist/fonts/type1/public/cm-super/sfrm1200.pfb></usr/local/texlive/201
7/texmf-dist/fonts/type1/public/cm-super/sfrm1440.pfb></usr/local/texlive/2017/
texmf-dist/fonts/type1/public/cm-super/sfrm2074.pfb></usr/local/texlive/2017/te
xmf-dist/fonts/type1/public/cm-super/sftt0900.pfb></usr/local/texlive/2017/texm
f-dist/fonts/type1/public/cm-super/sftt1000.pfb></usr/local/texlive/2017/texmf-
dist/fonts/type1/public/cm-super/sftt1095.pfb></usr/local/texlive/2017/texmf-di
st/fonts/type1/public/cm-super/sftt1200.pfb>
Output written on islpBolivia_vf.pdf (23 pages, 5781620 bytes).
PDF statistics:
 728 PDF objects out of 1000 (max. 8388607)
 507 compressed objects within 6 object streams
 51 named destinations out of 1000 (max. 500000)
 340 words of extra memory for PDF output out of 10000 (max. 10000000)

