<<<<<<< HEAD
\BOOKMARK [1][-]{section.1}{Estrategia}{}% 1
\BOOKMARK [1][-]{section.2}{Introducci\363n}{}% 2
\BOOKMARK [1][-]{section.3}{Objetivo}{}% 3
\BOOKMARK [1][-]{section.4}{La Unidad de Datos \(UD\)}{}% 4
\BOOKMARK [2][-]{subsection.4.1}{Recolecci\363n de informaci\363n}{section.4}% 5
\BOOKMARK [3][-]{subsubsection.4.1.1}{Unidad de Investigaci\363n}{subsection.4.1}% 6
\BOOKMARK [3][-]{subsubsection.4.1.2}{Unidad Administrativa y Gesti\363n de Comunicaciones}{subsection.4.1}% 7
\BOOKMARK [3][-]{subsubsection.4.1.3}{Funciones de los responsables de la UD}{subsection.4.1}% 8
\BOOKMARK [3][-]{subsubsection.4.1.4}{Deberes de los responsables de la UD}{subsection.4.1}% 9
\BOOKMARK [2][-]{subsection.4.2}{Actualizaci\363n de instrumentos para la captura y transmisi\363n de informaci\363n}{section.4}% 10
\BOOKMARK [1][-]{section.5}{Instrumentos de la UD}{}% 11
\BOOKMARK [1][-]{section.6}{Consideraciones}{}% 12
\BOOKMARK [1][-]{section.7}{Anexos}{}% 13
=======
\BOOKMARK [1][-]{section.1}{Introducci\363n}{}% 1
\BOOKMARK [1][-]{section.2}{Objetivos}{}% 2
\BOOKMARK [1][-]{section.3}{Definicion de actores objetivo}{}% 3
\BOOKMARK [1][-]{section.4}{Implementacion}{}% 4
\BOOKMARK [1][-]{section.5}{Recursos econ\363micos}{}% 5
\BOOKMARK [1][-]{section.6}{Recursos humanos}{}% 6
\BOOKMARK [1][-]{section.7}{Cronograma de actividades}{}% 7
>>>>>>> c50b91d479c246fe7fc00033af4d44182d664dc6
